WARNING: A restricted method in java.lang.System has been called
WARNING: java.lang.System::load has been called by com.sun.glass.utils.NativeLibLoader in module javafx.graphics (file:/C:/Users/Lenovo/.m2/repository/org/openjfx/javafx-graphics/17.0.13/javafx-graphics-17.0.13-win.jar)
WARNING: Use --enable-native-access=javafx.graphics to avoid a warning for callers in this module
WARNING: Restricted methods will be blocked in a future release unless native access is enabled

java.lang.ExceptionInInitializerError
	at java.base/jdk.internal.misc.Unsafe.ensureClassInitialized0(Native Method)
	at java.base/jdk.internal.misc.Unsafe.ensureClassInitialized(Unsafe.java:1169)
	at java.base/jdk.internal.reflect.MethodHandleAccessorFactory.ensureClassInitialized(MethodHandleAccessorFactory.java:341)
	at java.base/jdk.internal.reflect.MethodHandleAccessorFactory.newConstructorAccessor(MethodHandleAccessorFactory.java:104)
	at java.base/jdk.internal.reflect.ReflectionFactory.newConstructorAccessor(ReflectionFactory.java:138)
	at java.base/java.lang.reflect.Constructor.acquireConstructorAccessor(Constructor.java:546)
	at java.base/java.lang.reflect.Constructor.newInstanceWithCaller(Constructor.java:496)
	at java.base/java.lang.reflect.Constructor.newInstance(Constructor.java:483)
	at javafx.fxml/javafx.fxml.FXMLLoader$ValueElement.processAttribute(FXMLLoader.java:939)
	at javafx.fxml/javafx.fxml.FXMLLoader$InstanceDeclarationElement.processAttribute(FXMLLoader.java:981)
	at javafx.fxml/javafx.fxml.FXMLLoader$Element.processStartElement(FXMLLoader.java:230)
	at javafx.fxml/javafx.fxml.FXMLLoader$ValueElement.processStartElement(FXMLLoader.java:755)
	at javafx.fxml/javafx.fxml.FXMLLoader.processStartElement(FXMLLoader.java:2845)
	at javafx.fxml/javafx.fxml.FXMLLoader.loadImpl(FXMLLoader.java:2641)
	at javafx.fxml/javafx.fxml.FXMLLoader.loadImpl(FXMLLoader.java:2555)
	at javafx.fxml/javafx.fxml.FXMLLoader.load(FXMLLoader.java:2523)
	at org.example.FxLoadProbe.probe(FxLoadProbe.java:19)
	at org.example.FxLoadProbe.lambda$main$0(FxLoadProbe.java:9)
	at javafx.graphics/com.sun.javafx.application.PlatformImpl.lambda$startup$5(PlatformImpl.java:295)
	at javafx.graphics/com.sun.glass.ui.Application.invokeAndWait(Application.java:470)
	at javafx.graphics/com.sun.javafx.tk.quantum.QuantumToolkit.runToolkit(QuantumToolkit.java:377)
	at javafx.graphics/com.sun.javafx.tk.quantum.QuantumToolkit.lambda$startup$10(QuantumToolkit.java:290)
	at javafx.graphics/com.sun.glass.ui.Application.lambda$run$1(Application.java:155)
	at javafx.graphics/com.sun.glass.ui.win.WinApplication._runLoop(Native Method)
	at javafx.graphics/com.sun.glass.ui.win.WinApplication.lambda$runLoop$3(WinApplication.java:184)
	at java.base/java.lang.Thread.run(Thread.java:1474)
Caused by: java.util.regex.PatternSyntaxException: Illegal character range near index 13
[A-Za-z0-9À-ÿ'.,\-\s]{5,150}
             ^
	at java.base/java.util.regex.Pattern.error(Pattern.java:2205)
	at java.base/java.util.regex.Pattern.range(Pattern.java:3000)
	at java.base/java.util.regex.Pattern.clazz(Pattern.java:2888)
	at java.base/java.util.regex.Pattern.sequence(Pattern.java:2316)
	at java.base/java.util.regex.Pattern.expr(Pattern.java:2246)
	at java.base/java.util.regex.Pattern.compile(Pattern.java:1946)
	at java.base/java.util.regex.Pattern.<init>(Pattern.java:1577)
	at java.base/java.util.regex.Pattern.compile(Pattern.java:1102)
	at org.example.controllers.RendezVousController.<clinit>(RendezVousController.java:39)
	... 26 more
